<?xml version="1.0" encoding="UTF-8" ?>
<testsuite errors="1" failures="0" hostname="dadinou" name="Test.tester" skipped="0" tests="1" time="0.246" timestamp="2016-06-02T12:37:36">
  <properties>
    <property name="file.encoding.pkg" value="sun.io" />
    <property name="env.PROMPT" value="$P$G" />
    <property name="java.home" value="C:\Progra~1\Java\jdk1.8.0_60\jre" />
    <property name="env.GIT_URL" value="https://github.com/dadinounet/jenkinstest.git" />
    <property name="java.endorsed.dirs" value="C:\Progra~1\Java\jdk1.8.0_60\jre\lib\endorsed" />
    <property name="env.USERNAME" value="dadin" />
    <property name="debuglevel" value="source,lines,vars" />
    <property name="env.HUDSON_HOME" value="C:\Users\dadin\.jenkins" />
    <property name="ECLIPSE_HOME" value="../../../Desktop/eclipse/eclipse431" />
    <property name="sun.os.patch.level" value="Service Pack 1" />
    <property name="java.vendor.url" value="http://java.oracle.com/" />
    <property name="env.COMPUTERNAME" value="DADINOU" />
    <property name="env.=C:" value="C:\Users\dadin\Documents\jenkinstest" />
    <property name="env.ProgramFiles(x86)" value="C:\Program Files (x86)" />
    <property name="env.NODE_NAME" value="master" />
    <property name="env.windows_tracing_flags" value="3" />
    <property name="java.version" value="1.8.0_60" />
    <property name="env.NODE_LABELS" value="master" />
    <property name="env.JENKINS_SERVER_COOKIE" value="7c9a83b3c5e21607" />
    <property name="java.vendor.url.bug" value="http://bugreport.sun.com/bugreport/" />
    <property name="env.USERPROFILE" value="C:\Users\dadin" />
    <property name="ant.project.invoked-targets" value="tester" />
    <property name="env.SystemRoot" value="C:\windows" />
    <property name="user.name" value="dadin" />
    <property name="sun.io.unicode.encoding" value="UnicodeLittle" />
    <property name="sun.jnu.encoding" value="Cp1252" />
    <property name="java.runtime.name" value="Java(TM) SE Runtime Environment" />
    <property name="env.LOCALAPPDATA" value="C:\Users\dadin\AppData\Local" />
    <property name="env.VS140COMNTOOLS" value="C:\Program Files (x86)\Microsoft Visual Studio 14.0\Common7\Tools\" />
    <property name="java.specification.name" value="Java Platform API Specification" />
    <property name="user.timezone" value="" />
    <property name="user.script" value="" />
    <property name="path.separator" value=";" />
    <property name="env.PROCESSOR_IDENTIFIER" value="AMD64 Family 21 Model 16 Stepping 1, AuthenticAMD" />
    <property name="env._JAVACMD" value="C:\Progra~1\Java\jdk1.8.0_60\bin\java.exe" />
    <property name="file.encoding" value="Cp1252" />
    <property name="env.XNAGSShared" value="C:\Program Files (x86)\Common Files\Microsoft Shared\XNA\" />
    <property name="ant.project.default-target" value="build" />
    <property name="sun.java.command" value="org.apache.tools.ant.taskdefs.optional.junit.JUnitTestRunner Test.tester skipNonTests=false filtertrace=true haltOnError=false haltOnFailure=false formatter=org.apache.tools.ant.taskdefs.optional.junit.OutErrSummaryJUnitResultFormatter showoutput=false outputtoformatters=true logfailedtests=true threadid=0 logtestlistenerevents=false formatter=org.apache.tools.ant.taskdefs.optional.junit.XMLJUnitResultFormatter,C:\Users\dadin\Documents\jenkinstest\junit\TEST-Test.tester.xml crashfile=C:\Users\dadin\Documents\jenkinstest\junitvmwatcher3025835155858997723.properties propsfile=C:\Users\dadin\Documents\jenkinstest\junit9043161802723776976.properties" />
    <property name="env.NUMBER_OF_PROCESSORS" value="4" />
    <property name="env.APPDATA" value="C:\Users\dadin\AppData\Roaming" />
    <property name="env.XNAGSv4" value="C:\Program Files (x86)\Microsoft XNA\XNA Game Studio\v4.0\" />
    <property name="ant.file" value="C:\Users\dadin\Documents\jenkinstest\build.xml" />
    <property name="env.BUILD_TAG" value="jenkins-projet Jenkins Testunitaires-31" />
    <property name="java.io.tmpdir" value="C:\Users\dadin\AppData\Local\Temp\" />
    <property name="user.language" value="fr" />
    <property name="env.SystemDrive" value="C:" />
    <property name="line.separator" value="&#xd;&#xa;" />
    <property name="target" value="1.7" />
    <property name="ant.file.10102015_TP04" value="C:\Users\dadin\Documents\jenkinstest\build.xml" />
    <property name="ant.file.type" value="file" />
    <property name="env.JOB_NAME" value="projet Jenkins Testunitaires" />
    <property name="java.vm.info" value="mixed mode" />
    <property name="source" value="1.7" />
    <property name="env.BUILD_DISPLAY_NAME" value="#31" />
    <property name="sun.desktop" value="windows" />
    <property name="java.vm.specification.name" value="Java Virtual Machine Specification" />
    <property name="env.BUILD_URL" value="http://localhost:9598/job/projet%20Jenkins%20Testunitaires/31/" />
    <property name="env.PATHEXT" value=".COM;.EXE;.BAT;.CMD;.VBS;.VBE;.JS;.JSE;.WSF;.WSH;.MSC;.PY" />
    <property name="env.LOGONSERVER" value="\\DADINOU" />
    <property name="java.awt.printerjob" value="sun.awt.windows.WPrinterJob" />
    <property name="env.HUDSON_SERVER_COOKIE" value="7c9a83b3c5e21607" />
    <property name="env.PUBLIC" value="C:\Users\Public" />
    <property name="ant.version" value="Apache Ant(TM) version 1.9.6 compiled on June 29 2015" />
    <property name="env.USERDOMAIN" value="dadinou" />
    <property name="env.VBOX_MSI_INSTALL_PATH" value="C:\Program Files\Oracle\VirtualBox\" />
    <property name="env.PROCESSOR_LEVEL" value="21" />
    <property name="env.windir" value="C:\windows" />
    <property name="env.BUILD_NUMBER" value="31" />
    <property name="env.CommonProgramFiles(x86)" value="C:\Program Files (x86)\Common Files" />
    <property name="os.name" value="Windows 7" />
    <property name="java.specification.vendor" value="Oracle Corporation" />
    <property name="env.TMP" value="C:\Users\dadin\AppData\Local\Temp" />
    <property name="java.vm.name" value="Java HotSpot(TM) 64-Bit Server VM" />
    <property name="env.ProgramData" value="C:\ProgramData" />
    <property name="env.JOB_URL" value="http://localhost:9598/job/projet%20Jenkins%20Testunitaires/" />
    <property name="env.OS" value="Windows_NT" />
    <property name="java.library.path" value="C:\Progra~1\Java\jdk1.8.0_60\jre\bin;C:\windows\Sun\Java\bin;C:\windows\system32;C:\windows;C:\Progra~1\Java\jdk1.8.0_60/bin;C:\Progra~1\Java\jdk1.8.0_60/bin;C:\oraclexe\app\oracle\product\11.2.0\server\bin;;C:\Users\dadin\Desktop\Tomcat\apache-tomcat-8.0.28\bin;C:\Progra~1\Java\jdk1.8.0_60\bin;C:\ProgramData\Oracle\Java\javapath;C:\Program Files\Common Files\Microsoft Shared\Windows Live;C:\Program Files (x86)\Common Files\Microsoft Shared\Windows Live;C:\Program Files (x86)\AMD APP\bin\x86_64;C:\Program Files (x86)\AMD APP\bin\x86;C:\windows\system32;C:\windows;C:\windows\System32\Wbem;C:\windows\System32\WindowsPowerShell\v1.0\;C:\Program Files (x86)\ATI Technologies\ATI.ACE\Core-Static;C:\Program Files (x86)\Windows Live\Shared;C:\Program Files\Microsoft SQL Server\110\Tools\Binn\;C:\Program Files (x86)\Microsoft ASP.NET\ASP.NET Web Pages\v1.0\;C:\Program Files (x86)\Windows Kits\8.0\Windows Performance Toolkit\;C:\Program Files (x86)\Skype\Phone\;C:\windows\system32\config\systemprofile\.dnx\bin;C:\Program Files\Microsoft DNX\Dnvm\;C:\Program Files\Microsoft SQL Server\120\Tools\Binn\;C:\Program Files\Git\cmd;C:\Program Files\nodejs\;C:\Users\dadin\AppData\Roaming\npm;C:\Users\dadin\AppData\Local\Android\android-sdk\build-tools;C:\Users\dadin\AppData\Local\Android\android-sdk\tools;C:\Users\dadin\AppData\Local\Android\android-sdk\platform-tools;C:\Users\dadin\Desktop\Tomcat\apache-tomcat-8.0.28;C:\Progra~1\Java\jdk1.8.0_60\bin;C:\Progra~1\Java\jdk1.8.0_60\lib;C:\7-Zip;C:\Users\dadin\Desktop\blat3212\full;C:\Program Files (x86)\Maven\apache-maven-3.3.9\bin;C:\Python34;." />
    <property name="env.HUDSON_URL" value="http://localhost:9598/" />
    <property name="ant.java.version" value="1.8" />
    <property name="env.JENKINS_URL" value="http://localhost:9598/" />
    <property name="basedir" value="C:\Users\dadin\Documents\jenkinstest" />
    <property name="env.AMDAPPSDKROOT" value="C:\Program Files (x86)\AMD APP\" />
    <property name="java.class.version" value="52.0" />
    <property name="ant.home" value="C:\Users\dadin\Desktop\apache-ant-1.9.6" />
    <property name="env.Path" value="C:\Progra~1\Java\jdk1.8.0_60/bin;C:\Progra~1\Java\jdk1.8.0_60/bin;C:\oraclexe\app\oracle\product\11.2.0\server\bin;;C:\Users\dadin\Desktop\Tomcat\apache-tomcat-8.0.28\bin;C:\Progra~1\Java\jdk1.8.0_60\bin;C:\ProgramData\Oracle\Java\javapath;C:\Program Files\Common Files\Microsoft Shared\Windows Live;C:\Program Files (x86)\Common Files\Microsoft Shared\Windows Live;C:\Program Files (x86)\AMD APP\bin\x86_64;C:\Program Files (x86)\AMD APP\bin\x86;C:\windows\system32;C:\windows;C:\windows\System32\Wbem;C:\windows\System32\WindowsPowerShell\v1.0\;C:\Program Files (x86)\ATI Technologies\ATI.ACE\Core-Static;C:\Program Files (x86)\Windows Live\Shared;C:\Program Files\Microsoft SQL Server\110\Tools\Binn\;C:\Program Files (x86)\Microsoft ASP.NET\ASP.NET Web Pages\v1.0\;C:\Program Files (x86)\Windows Kits\8.0\Windows Performance Toolkit\;C:\Program Files (x86)\Skype\Phone\;C:\windows\system32\config\systemprofile\.dnx\bin;C:\Program Files\Microsoft DNX\Dnvm\;C:\Program Files\Microsoft SQL Server\120\Tools\Binn\;C:\Program Files\Git\cmd;C:\Program Files\nodejs\;C:\Users\dadin\AppData\Roaming\npm;C:\Users\dadin\AppData\Local\Android\android-sdk\build-tools;C:\Users\dadin\AppData\Local\Android\android-sdk\tools;C:\Users\dadin\AppData\Local\Android\android-sdk\platform-tools;C:\Users\dadin\Desktop\Tomcat\apache-tomcat-8.0.28;C:\Progra~1\Java\jdk1.8.0_60\bin;C:\Progra~1\Java\jdk1.8.0_60\lib;C:\7-Zip;C:\Users\dadin\Desktop\blat3212\full;C:\Program Files (x86)\Maven\apache-maven-3.3.9\bin;C:\Python34" />
    <property name="env.GIT_COMMIT" value="6a91753c7a3d7e4fa5973646705c53cf175912ec" />
    <property name="env.JENKINS_HOME" value="C:\Users\dadin\.jenkins" />
    <property name="env.HOMEDRIVE" value="C:" />
    <property name="env.windows_tracing_logfile" value="C:\BVTBin\Tests\installpackage\csilogfile.log" />
    <property name="sun.boot.library.path" value="C:\Progra~1\Java\jdk1.8.0_60\jre\bin" />
    <property name="env.PROCESSOR_REVISION" value="1001" />
    <property name="sun.management.compiler" value="HotSpot 64-Bit Tiered Compilers" />
    <property name="java.awt.graphicsenv" value="sun.awt.Win32GraphicsEnvironment" />
    <property name="user.variant" value="" />
    <property name="env.asl.log" value="Destination=file" />
    <property name="ant.project.name" value="10102015_TP04" />
    <property name="java.vm.specification.version" value="1.8" />
    <property name="awt.toolkit" value="sun.awt.windows.WToolkit" />
    <property name="env.MAVEN_HOME" value="C:\Program Files (x86)\Maven\apache-maven-3.3.9" />
    <property name="sun.cpu.isalist" value="amd64" />
    <property name="java.ext.dirs" value="C:\Progra~1\Java\jdk1.8.0_60\jre\lib\ext;C:\windows\Sun\Java\lib\ext" />
    <property name="os.version" value="6.1" />
    <property name="user.home" value="C:\Users\dadin" />
    <property name="java.vm.vendor" value="Oracle Corporation" />
    <property name="env.CommonProgramW6432" value="C:\Program Files\Common Files" />
    <property name="env.JAVA_HOME" value="C:\Progra~1\Java\jdk1.8.0_60" />
    <property name="env.ProgramW6432" value="C:\Program Files" />
    <property name="junit.output.dir" value="junit" />
    <property name="user.dir" value="C:\Users\dadin\Documents\jenkinstest" />
    <property name="env.FP_NO_HOST_CHECK" value="NO" />
    <property name="sun.cpu.endian" value="little" />
    <property name="env._USE_CLASSPATH" value="no" />
    <property name="env.ALLUSERSPROFILE" value="C:\ProgramData" />
    <property name="env.GIT_PREVIOUS_COMMIT" value="dc2337b38b59b39930cb4847a267b0376b460bec" />
    <property name="env.PROCESSOR_ARCHITECTURE" value="AMD64" />
    <property name="java.vm.version" value="25.60-b23" />
    <property name="java.class.path" value="C:\Users\dadin\Documents\jenkinstest\bin;C:\Users\dadin\Documents\jenkinstest\lib\junit.jar;C:\Users\dadin\Desktop\apache-ant-1.9.6\lib\ant-launcher.jar;C:\Users\dadin\Desktop\apache-ant-1.9.6\lib\ant.jar;C:\Users\dadin\Desktop\apache-ant-1.9.6\lib\ant-junit.jar;C:\Users\dadin\Desktop\apache-ant-1.9.6\lib\ant-junit4.jar" />
    <property name="env.HOMEPATH" value="\Users\dadin" />
    <property name="ant.library.dir" value="C:\Users\dadin\Desktop\apache-ant-1.9.6\lib" />
    <property name="os.arch" value="amd64" />
    <property name="env.SESSIONNAME" value="Console" />
    <property name="sun.java.launcher" value="SUN_STANDARD" />
    <property name="env.CommonProgramFiles" value="C:\Program Files\Common Files" />
    <property name="env.BUILD_ID" value="31" />
    <property name="ant.core.lib" value="C:\Users\dadin\Desktop\apache-ant-1.9.6\lib\ant.jar" />
    <property name="env.ProgramFiles" value="C:\Program Files" />
    <property name="java.vm.specification.vendor" value="Oracle Corporation" />
    <property name="file.separator" value="\" />
    <property name="env.GIT_BRANCH" value="origin/master" />
    <property name="env.ANT_CMD_LINE_ARGS" value=" -file build.xml tester" />
    <property name="java.runtime.version" value="1.8.0_60-b27" />
    <property name="sun.boot.class.path" value="C:\Progra~1\Java\jdk1.8.0_60\jre\lib\resources.jar;C:\Progra~1\Java\jdk1.8.0_60\jre\lib\rt.jar;C:\Progra~1\Java\jdk1.8.0_60\jre\lib\sunrsasign.jar;C:\Progra~1\Java\jdk1.8.0_60\jre\lib\jsse.jar;C:\Progra~1\Java\jdk1.8.0_60\jre\lib\jce.jar;C:\Progra~1\Java\jdk1.8.0_60\jre\lib\charsets.jar;C:\Progra~1\Java\jdk1.8.0_60\jre\lib\jfr.jar;C:\Progra~1\Java\jdk1.8.0_60\jre\classes" />
    <property name="env.ComSpec" value="C:\windows\system32\cmd.exe" />
    <property name="env.WORKSPACE" value="C:\Users\dadin\.jenkins\jobs\projet Jenkins Testunitaires\workspace" />
    <property name="env.GIT_PREVIOUS_SUCCESSFUL_COMMIT" value="dc2337b38b59b39930cb4847a267b0376b460bec" />
    <property name="env.TEMP" value="C:\Users\dadin\AppData\Local\Temp" />
    <property name="ant.file.type.10102015_TP04" value="file" />
    <property name="env.VS110COMNTOOLS" value="C:\Program Files (x86)\Microsoft Visual Studio 11.0\Common7\Tools\" />
    <property name="env.ANT_HOME" value="C:\Users\dadin\Desktop\apache-ant-1.9.6" />
    <property name="user.country" value="FR" />
    <property name="env.EXECUTOR_NUMBER" value="0" />
    <property name="java.vendor" value="Oracle Corporation" />
    <property name="env.PSModulePath" value="C:\windows\system32\WindowsPowerShell\v1.0\Modules\" />
    <property name="env.HUDSON_COOKIE" value="f7bb4167-37e1-42c2-8c04-7662a3b35d1b" />
    <property name="env.CATALINA_HOME" value="C:\Users\dadin\Desktop\Tomcat\apache-tomcat-8.0.28" />
    <property name="java.specification.version" value="1.8" />
    <property name="sun.arch.data.model" value="64" />
    <property name="env.=ExitCode" value="00000082" />
  </properties>
  <testcase classname="Test.tester" name="initializationError" time="0.016">
    <error message="org/hamcrest/SelfDescribing" type="java.lang.NoClassDefFoundError">java.lang.NoClassDefFoundError: org/hamcrest/SelfDescribing
	at java.lang.ClassLoader.defineClass1(Native Method)
	at java.lang.ClassLoader.defineClass(ClassLoader.java:760)
	at java.security.SecureClassLoader.defineClass(SecureClassLoader.java:142)
	at java.net.URLClassLoader.defineClass(URLClassLoader.java:467)
	at java.net.URLClassLoader.access$100(URLClassLoader.java:73)
	at java.net.URLClassLoader$1.run(URLClassLoader.java:368)
	at java.net.URLClassLoader$1.run(URLClassLoader.java:362)
	at java.security.AccessController.doPrivileged(Native Method)
	at java.net.URLClassLoader.findClass(URLClassLoader.java:361)
	at java.lang.ClassLoader.loadClass(ClassLoader.java:424)
	at sun.misc.Launcher$AppClassLoader.loadClass(Launcher.java:331)
	at java.lang.ClassLoader.loadClass(ClassLoader.java:357)
	at java.lang.reflect.Constructor.newInstance(Constructor.java:422)
Caused by: java.lang.ClassNotFoundException: org.hamcrest.SelfDescribing
	at java.net.URLClassLoader.findClass(URLClassLoader.java:381)
	at java.lang.ClassLoader.loadClass(ClassLoader.java:424)
	at sun.misc.Launcher$AppClassLoader.loadClass(Launcher.java:331)
	at java.lang.ClassLoader.loadClass(ClassLoader.java:357)
</error>
  </testcase>
  <system-out><![CDATA[]]></system-out>
  <system-err><![CDATA[]]></system-err>
</testsuite>
